2022-03-18 09:09:46,967:INFO:PyCaret NLP Module
2022-03-18 09:09:46,967:INFO:version 2.3.6
2022-03-18 09:09:46,967:INFO:Initializing setup()
2022-03-18 09:09:46,967:INFO:USI: ef9a
2022-03-18 09:09:46,967:INFO:setup(data=(50000, 2), target=review, custom_stopwords=['i', 'me', 'my', 'myself', 'we', 'our', 'ours', 'ourselves', 'you', "you're", "you've", "you'll", "you'd", 'your', 'yours', 'yourself', 'yourselves', 'he', 'him', 'his', 'himself', 'she', "she's", 'her', 'hers', 'herself', 'it', "it's", 'its', 'itself', 'they', 'them', 'their', 'theirs', 'themselves', 'what', 'which', 'who', 'whom', 'this', 'that', "that'll", 'these', 'those', 'am', 'is', 'are', 'was', 'were', 'be', 'been', 'being', 'have', 'has', 'had', 'having', 'do', 'does', 'did', 'doing', 'a', 'an', 'the', 'and', 'but', 'if', 'or', 'because', 'as', 'until', 'while', 'of', 'at', 'by', 'for', 'with', 'about', 'against', 'between', 'into', 'through', 'during', 'before', 'after', 'above', 'below', 'to', 'from', 'up', 'down', 'in', 'out', 'on', 'off', 'over', 'under', 'again', 'further', 'then', 'once', 'here', 'there', 'when', 'where', 'why', 'how', 'all', 'any', 'both', 'each', 'few', 'more', 'most', 'other', 'some', 'such', 'no', 'nor', 'not', 'only', 'own', 'same', 'so', 'than', 'too', 'very', 's', 't', 'can', 'will', 'just', 'don', "don't", 'should', "should've", 'now', 'd', 'll', 'm', 'o', 're', 've', 'y', 'ain', 'aren', "aren't", 'couldn', "couldn't", 'didn', "didn't", 'doesn', "doesn't", 'hadn', "hadn't", 'hasn', "hasn't", 'haven', "haven't", 'isn', "isn't", 'ma', 'mightn', "mightn't", 'mustn', "mustn't", 'needn', "needn't", 'shan', "shan't", 'shouldn', "shouldn't", 'wasn', "wasn't", 'weren', "weren't", 'won', "won't", 'wouldn', "wouldn't", 'u', "it'", "'s", "n't", '…', '\\`', '``', 'char', 'chars', "''", '’', 'arent', 'Mr.', ',', 'br', 'film', 'movie', 'say', 'get', 'would', 'could', 'people', 'guy', 'put', 'given', 'go', 'one', 'even', 'also', "'m"], html=True, session_id=21, log_experiment=False,
                    experiment_name=None, log_plots=False, log_data=False, verbose=True)
2022-03-18 09:09:46,969:INFO:Checking environment
2022-03-18 09:09:46,969:INFO:python_version: 3.7.11
2022-03-18 09:09:46,969:INFO:python_build: ('default', 'Jul 27 2021 09:42:29')
2022-03-18 09:09:46,969:INFO:machine: AMD64
2022-03-18 09:09:46,969:INFO:platform: Windows-10-10.0.19041-SP0
2022-03-18 09:09:46,969:INFO:Memory: svmem(total=12797779968, available=3369230336, percent=73.7, used=9428549632, free=3369230336)
2022-03-18 09:09:46,969:INFO:Physical Core: 4
2022-03-18 09:09:46,969:INFO:Logical Core: 8
2022-03-18 09:09:46,969:INFO:Checking libraries
2022-03-18 09:09:46,970:INFO:pd==1.3.5
2022-03-18 09:09:46,970:INFO:numpy==1.21.5
2022-03-18 09:09:47,104:INFO:gensim==3.8.3
2022-03-18 09:09:47,418:INFO:spacy==2.3.7
2022-03-18 09:09:47,418:INFO:nltk==3.6.5
2022-03-18 09:09:47,443:INFO:textblob==0.17.1
2022-03-18 09:09:47,578:INFO:pyLDAvis==3.2.2
2022-03-18 09:09:47,578:INFO:wordcloud==1.8.1
2022-03-18 09:09:48,082:INFO:mlflow==1.24.0
2022-03-18 09:09:48,083:INFO:Checking Exceptions
2022-03-18 09:09:48,834:INFO:Preloading libraries
2022-03-18 09:09:48,834:INFO:Preparing display monitor
2022-03-18 09:09:48,849:INFO:Importing libraries
2022-03-18 09:09:48,849:INFO:Declaring global variables
2022-03-18 09:09:48,851:INFO:Input provided : dataframe
2022-03-18 09:09:48,851:INFO:session_id set to : 21
2022-03-18 09:09:48,851:INFO:Copying training dataset
2022-03-18 09:09:48,852:INFO:Importing stopwords from nltk
2022-03-18 09:09:48,857:INFO:Removing numeric characters from the text
2022-03-18 09:09:50,501:INFO:Removing special characters from the text
2022-03-18 09:10:05,303:INFO:Tokenizing Words
2022-03-18 09:10:37,807:INFO:Removing stopwords
2022-03-18 09:11:16,184:INFO:Extracting Bigrams
2022-03-18 09:12:16,996:INFO:Extracting Trigrams
2022-03-18 09:14:08,755:INFO:Lemmatizing tokens
2022-03-18 09:19:55,447:INFO:Removing stopwords after lemmatizing
2022-03-18 09:20:17,405:INFO:Creating corpus and dictionary
2022-03-18 09:20:29,000:INFO:Compiling processed text
2022-03-18 09:20:29,152:INFO:Compiling information grid
2022-03-18 09:20:29,243:INFO:setup() succesfully completed......................................
2022-03-18 09:23:45,301:INFO:Initializing create_model()
2022-03-18 09:23:45,302:INFO:create_model(model=lda, multi_core=True, num_topics=None, verbose=True, system=True)
2022-03-18 09:23:45,302:INFO:Checking exceptions
2022-03-18 09:23:45,302:INFO:Preloading libraries
2022-03-18 09:23:45,302:INFO:Preparing display monitor
2022-03-18 09:23:45,316:INFO:Defining topic model
2022-03-18 09:23:45,317:INFO:Model: Latent Dirichlet Allocation
2022-03-18 09:23:45,317:INFO:Defining num_topics parameter
2022-03-18 09:23:45,317:INFO:num_topics set to: 4
2022-03-18 09:23:45,321:INFO:LDA multi_core enabled
2022-03-18 09:23:45,321:INFO:LdaMulticore imported successfully
2022-03-18 09:28:30,213:INFO:LdaMulticore trained successfully
2022-03-18 09:28:30,216:INFO:LdaModel(num_terms=64367, num_topics=4, decay=0.5, chunksize=100)
2022-03-18 09:28:30,216:INFO:create_model() succesfully completed......................................
2022-03-18 09:28:36,453:INFO:Initializing assign_model()
2022-03-18 09:28:36,453:INFO:assign_model(model=LdaModel(num_terms=64367, num_topics=4, decay=0.5, chunksize=100), verbose=True)
2022-03-18 09:28:36,454:INFO:Determining model type
2022-03-18 09:28:36,454:INFO:model type: lda
2022-03-18 09:28:36,454:INFO:Checking exceptions
2022-03-18 09:28:36,454:INFO:Preloading libraries
2022-03-18 09:28:36,455:INFO:Preparing display monitor
2022-03-18 09:29:26,297:INFO:(50000, 8)
2022-03-18 09:29:26,297:INFO:assign_model() succesfully completed......................................
2022-03-18 09:30:33,188:INFO:Initializing plot_model()
2022-03-18 09:30:33,188:INFO:plot_model(model=LdaModel(num_terms=64367, num_topics=4, decay=0.5, chunksize=100), plot=wordcloud, topic_num=Topic 0, save=False, system=True)
2022-03-18 09:30:33,189:INFO:Checking exceptions
2022-03-18 09:30:33,189:INFO:Importing libraries
2022-03-18 09:30:33,500:INFO:save_param set to False
2022-03-18 09:30:33,500:INFO:plot type: wordcloud
2022-03-18 09:30:33,500:INFO:SubProcess assign_model() called ==================================
2022-03-18 09:30:33,500:INFO:Initializing assign_model()
2022-03-18 09:30:33,500:INFO:assign_model(model=LdaModel(num_terms=64367, num_topics=4, decay=0.5, chunksize=100), verbose=False)
2022-03-18 09:30:33,501:INFO:Determining model type
2022-03-18 09:30:33,501:INFO:model type: lda
2022-03-18 09:30:33,501:INFO:Checking exceptions
2022-03-18 09:30:33,501:INFO:Preloading libraries
2022-03-18 09:30:33,501:INFO:Preparing display monitor
2022-03-18 09:31:20,622:INFO:(50000, 8)
2022-03-18 09:31:20,623:INFO:assign_model() succesfully completed......................................
2022-03-18 09:31:20,636:INFO:SubProcess assign_model() end ==================================
2022-03-18 09:31:20,663:INFO:Fitting WordCloud()
2022-03-18 09:31:33,922:INFO:Rendering Visual
2022-03-18 09:31:34,087:INFO:Visual Rendered Successfully
2022-03-18 09:31:34,088:INFO:plot_model() succesfully completed......................................
2022-03-18 09:32:41,765:INFO:Initializing plot_model()
2022-03-18 09:32:41,765:INFO:plot_model(model=LdaModel(num_terms=64367, num_topics=4, decay=0.5, chunksize=100), plot=bigram, topic_num=Topic 0, save=False, system=True)
2022-03-18 09:32:41,765:INFO:Checking exceptions
2022-03-18 09:32:41,765:INFO:Importing libraries
2022-03-18 09:32:41,771:INFO:save_param set to False
2022-03-18 09:32:41,771:INFO:plot type: bigram
2022-03-18 09:32:41,771:INFO:SubProcess assign_model() called ==================================
2022-03-18 09:32:41,772:INFO:Initializing assign_model()
2022-03-18 09:32:41,773:INFO:assign_model(model=LdaModel(num_terms=64367, num_topics=4, decay=0.5, chunksize=100), verbose=False)
2022-03-18 09:32:41,773:INFO:Determining model type
2022-03-18 09:32:41,773:INFO:model type: lda
2022-03-18 09:32:41,773:INFO:Checking exceptions
2022-03-18 09:32:41,773:INFO:Preloading libraries
2022-03-18 09:32:41,773:INFO:Preparing display monitor
2022-03-18 09:33:29,189:INFO:(50000, 8)
2022-03-18 09:33:29,189:INFO:assign_model() succesfully completed......................................
2022-03-18 09:33:29,200:INFO:SubProcess assign_model() end ==================================
2022-03-18 09:33:29,214:INFO:Fitting CountVectorizer()
2022-03-18 09:33:38,408:INFO:Rendering Visual
2022-03-18 09:33:39,399:INFO:Visual Rendered Successfully
2022-03-18 09:33:39,399:INFO:plot_model() succesfully completed......................................
2022-03-18 09:57:44,668:INFO:Initializing plot_model()
2022-03-18 09:57:44,668:INFO:plot_model(model=LdaModel(num_terms=64367, num_topics=4, decay=0.5, chunksize=100), plot=bigram, topic_num=Topic 0, save=False, system=True)
2022-03-18 09:57:44,668:INFO:Checking exceptions
2022-03-18 09:57:44,668:INFO:Importing libraries
2022-03-18 09:57:44,674:INFO:save_param set to False
2022-03-18 09:57:44,674:INFO:plot type: bigram
2022-03-18 09:57:44,674:INFO:SubProcess assign_model() called ==================================
2022-03-18 09:57:44,679:INFO:Initializing assign_model()
2022-03-18 09:57:44,679:INFO:assign_model(model=LdaModel(num_terms=64367, num_topics=4, decay=0.5, chunksize=100), verbose=False)
2022-03-18 09:57:44,679:INFO:Determining model type
2022-03-18 09:57:44,679:INFO:model type: lda
2022-03-18 09:57:44,679:INFO:Checking exceptions
2022-03-18 09:57:44,679:INFO:Preloading libraries
2022-03-18 09:57:44,679:INFO:Preparing display monitor
2022-03-18 09:58:34,476:INFO:(50000, 8)
2022-03-18 09:58:34,476:INFO:assign_model() succesfully completed......................................
2022-03-18 09:58:34,487:INFO:SubProcess assign_model() end ==================================
2022-03-18 09:58:34,503:INFO:Fitting CountVectorizer()
2022-03-18 09:58:42,364:INFO:Rendering Visual
2022-03-18 09:58:42,411:INFO:Visual Rendered Successfully
2022-03-18 09:58:42,411:INFO:plot_model() succesfully completed......................................
2022-03-18 10:25:41,650:INFO:PyCaret NLP Module
2022-03-18 10:25:41,650:INFO:version 2.3.6
2022-03-18 10:25:41,650:INFO:Initializing setup()
2022-03-18 10:25:41,651:INFO:USI: ae0a
2022-03-18 10:25:41,651:INFO:setup(data=(50000, 2), target=review, custom_stopwords=['i', 'me', 'my', 'myself', 'we', 'our', 'ours', 'ourselves', 'you', "you're", "you've", "you'll", "you'd", 'your', 'yours', 'yourself', 'yourselves', 'he', 'him', 'his', 'himself', 'she', "she's", 'her', 'hers', 'herself', 'it', "it's", 'its', 'itself', 'they', 'them', 'their', 'theirs', 'themselves', 'what', 'which', 'who', 'whom', 'this', 'that', "that'll", 'these', 'those', 'am', 'is', 'are', 'was', 'were', 'be', 'been', 'being', 'have', 'has', 'had', 'having', 'do', 'does', 'did', 'doing', 'a', 'an', 'the', 'and', 'but', 'if', 'or', 'because', 'as', 'until', 'while', 'of', 'at', 'by', 'for', 'with', 'about', 'against', 'between', 'into', 'through', 'during', 'before', 'after', 'above', 'below', 'to', 'from', 'up', 'down', 'in', 'out', 'on', 'off', 'over', 'under', 'again', 'further', 'then', 'once', 'here', 'there', 'when', 'where', 'why', 'how', 'all', 'any', 'both', 'each', 'few', 'more', 'most', 'other', 'some', 'such', 'no', 'nor', 'not', 'only', 'own', 'same', 'so', 'than', 'too', 'very', 's', 't', 'can', 'will', 'just', 'don', "don't", 'should', "should've", 'now', 'd', 'll', 'm', 'o', 're', 've', 'y', 'ain', 'aren', "aren't", 'couldn', "couldn't", 'didn', "didn't", 'doesn', "doesn't", 'hadn', "hadn't", 'hasn', "hasn't", 'haven', "haven't", 'isn', "isn't", 'ma', 'mightn', "mightn't", 'mustn', "mustn't", 'needn', "needn't", 'shan', "shan't", 'shouldn', "shouldn't", 'wasn', "wasn't", 'weren', "weren't", 'won', "won't", 'wouldn', "wouldn't", 'u', "it'", "'s", "n't", '…', '\\`', '``', 'char', 'chars', "''", '’', 'arent', 'Mr.', ',', 'br', 'film', 'movie', 'say', 'get', 'would', 'could', 'people', 'guy', 'put', 'given', 'go', 'one', 'even', 'also', "'m"], html=True, session_id=21, log_experiment=False,
                    experiment_name=None, log_plots=False, log_data=False, verbose=True)
2022-03-18 10:25:41,651:INFO:Checking environment
2022-03-18 10:25:41,651:INFO:python_version: 3.7.11
2022-03-18 10:25:41,651:INFO:python_build: ('default', 'Jul 27 2021 09:42:29')
2022-03-18 10:25:41,651:INFO:machine: AMD64
2022-03-18 10:25:41,652:INFO:platform: Windows-10-10.0.19041-SP0
2022-03-18 10:25:41,653:INFO:Memory: svmem(total=12797779968, available=3691044864, percent=71.2, used=9106735104, free=3691044864)
2022-03-18 10:25:41,653:INFO:Physical Core: 4
2022-03-18 10:25:41,653:INFO:Logical Core: 8
2022-03-18 10:25:41,653:INFO:Checking libraries
2022-03-18 10:25:41,653:INFO:pd==1.3.5
2022-03-18 10:25:41,653:INFO:numpy==1.21.5
2022-03-18 10:25:41,760:INFO:gensim==3.8.3
2022-03-18 10:25:42,076:INFO:spacy==2.3.7
2022-03-18 10:25:42,076:INFO:nltk==3.6.5
2022-03-18 10:25:42,107:INFO:textblob==0.17.1
2022-03-18 10:25:42,154:INFO:pyLDAvis==3.2.2
2022-03-18 10:25:42,154:INFO:wordcloud==1.8.1
2022-03-18 10:25:42,666:INFO:mlflow==1.24.0
2022-03-18 10:25:42,673:INFO:Checking Exceptions
2022-03-18 10:25:43,364:INFO:Preloading libraries
2022-03-18 10:25:43,364:INFO:Preparing display monitor
2022-03-18 10:25:43,380:INFO:Importing libraries
2022-03-18 10:25:43,381:INFO:Declaring global variables
2022-03-18 10:25:43,383:INFO:Input provided : dataframe
2022-03-18 10:25:43,383:INFO:session_id set to : 21
2022-03-18 10:25:43,383:INFO:Copying training dataset
2022-03-18 10:25:43,386:INFO:Importing stopwords from nltk
2022-03-18 10:25:43,390:INFO:Removing numeric characters from the text
2022-03-18 10:25:45,083:INFO:Removing special characters from the text
2022-03-18 10:26:00,096:INFO:Tokenizing Words
2022-03-18 10:26:33,282:INFO:Removing stopwords
2022-03-18 10:27:11,642:INFO:Extracting Bigrams
2022-03-18 10:28:16,817:INFO:Extracting Trigrams
2022-03-18 10:30:05,461:INFO:Lemmatizing tokens
2022-03-18 10:35:38,623:INFO:Removing stopwords after lemmatizing
2022-03-18 10:35:58,166:INFO:Creating corpus and dictionary
2022-03-18 10:36:08,357:INFO:Compiling processed text
2022-03-18 10:36:08,501:INFO:Compiling information grid
2022-03-18 10:36:08,547:INFO:setup() succesfully completed......................................
2022-03-18 10:36:08,809:INFO:Initializing create_model()
2022-03-18 10:36:08,809:INFO:create_model(model=lda, multi_core=True, num_topics=None, verbose=True, system=True)
2022-03-18 10:36:08,809:INFO:Checking exceptions
2022-03-18 10:36:08,809:INFO:Preloading libraries
2022-03-18 10:36:08,810:INFO:Preparing display monitor
2022-03-18 10:36:08,823:INFO:Defining topic model
2022-03-18 10:36:08,824:INFO:Model: Latent Dirichlet Allocation
2022-03-18 10:36:08,824:INFO:Defining num_topics parameter
2022-03-18 10:36:08,824:INFO:num_topics set to: 4
2022-03-18 10:36:08,832:INFO:LDA multi_core enabled
2022-03-18 10:36:08,833:INFO:LdaMulticore imported successfully
2022-03-18 10:42:12,715:INFO:LdaMulticore trained successfully
2022-03-18 10:42:12,718:INFO:LdaModel(num_terms=64367, num_topics=4, decay=0.5, chunksize=100)
2022-03-18 10:42:12,718:INFO:create_model() succesfully completed......................................
2022-03-18 10:42:12,761:INFO:Initializing assign_model()
2022-03-18 10:42:12,762:INFO:assign_model(model=LdaModel(num_terms=64367, num_topics=4, decay=0.5, chunksize=100), verbose=True)
2022-03-18 10:42:12,762:INFO:Determining model type
2022-03-18 10:42:12,762:INFO:model type: lda
2022-03-18 10:42:12,762:INFO:Checking exceptions
2022-03-18 10:42:12,762:INFO:Preloading libraries
2022-03-18 10:42:12,762:INFO:Preparing display monitor
2022-03-18 10:43:01,511:INFO:(50000, 8)
2022-03-18 10:43:01,511:INFO:assign_model() succesfully completed......................................
2022-03-18 10:43:01,618:INFO:Initializing tune_model()
2022-03-18 10:43:01,619:INFO:tune_model(model=lda, multi_core=False, supervised_target=sentiment, estimator=nb, optimize=Accuracy, custom_grid=None, auto_fe=True, fold=10, verbose=False)
2022-03-18 10:43:01,619:INFO:Checking exceptions
2022-03-18 10:43:01,620:INFO:Preloading libraries
2022-03-18 10:43:01,620:INFO:Preparing display monitor
2022-03-18 10:43:01,631:INFO:Importing libraries
2022-03-18 10:43:01,905:INFO:Objective : Classification
2022-03-18 10:43:01,905:INFO:Defining model name
2022-03-18 10:43:01,906:INFO:Topic Model Name: Latent Dirichlet Allocation
2022-03-18 10:43:01,906:INFO:Defining supervised estimator
2022-03-18 10:43:01,906:INFO:Estimator: nb
2022-03-18 10:43:01,906:INFO:Defining Optimizer
2022-03-18 10:43:01,906:INFO:Optimize: Accuracy
2022-03-18 10:43:01,907:INFO:Problem : Supervised
2022-03-18 10:43:01,907:INFO:auto_fe param set to True
2022-03-18 10:43:01,908:INFO:Extracting Polarity
2022-03-18 10:43:33,176:INFO:Extracting Subjectivity
2022-03-18 10:44:02,589:INFO:Extracting Wordcount
2022-03-18 10:44:02,594:INFO:Defining Tuning Grid
2022-03-18 10:44:02,594:INFO:Pre-defined Grid used
2022-03-18 10:44:02,595:INFO:Fitting Model with num_topics = 2
2022-03-18 10:44:02,597:INFO:SubProcess create_model() called ==================================
2022-03-18 10:44:02,605:INFO:Initializing create_model()
2022-03-18 10:44:02,605:INFO:create_model(model=lda, multi_core=False, num_topics=2, verbose=False, system=True)
2022-03-18 10:44:02,605:INFO:Checking exceptions
2022-03-18 10:44:02,605:INFO:Preloading libraries
2022-03-18 10:44:02,605:INFO:Preparing display monitor
2022-03-18 10:44:02,612:INFO:Defining topic model
2022-03-18 10:44:02,612:INFO:Model: Latent Dirichlet Allocation
2022-03-18 10:44:02,612:INFO:Defining num_topics parameter
2022-03-18 10:44:02,613:INFO:num_topics set to: 2
2022-03-18 10:44:02,615:INFO:LdaModel imported successfully
2022-03-18 10:47:51,687:INFO:LdaModel trained successfully
2022-03-18 10:47:51,688:INFO:LdaModel(num_terms=64367, num_topics=2, decay=0.5, chunksize=100)
2022-03-18 10:47:51,688:INFO:create_model() succesfully completed......................................
2022-03-18 10:47:51,688:INFO:SubProcess create_model() end ==================================
2022-03-18 10:47:51,688:INFO:SubProcess assign_model() called ==================================
2022-03-18 10:47:51,694:INFO:Initializing assign_model()
2022-03-18 10:47:51,694:INFO:assign_model(model=LdaModel(num_terms=64367, num_topics=2, decay=0.5, chunksize=100), verbose=False)
2022-03-18 10:47:51,694:INFO:Determining model type
2022-03-18 10:47:51,694:INFO:model type: lda
2022-03-18 10:47:51,694:INFO:Checking exceptions
2022-03-18 10:47:51,694:INFO:Preloading libraries
2022-03-18 10:47:51,694:INFO:Preparing display monitor
2022-03-18 10:48:27,220:INFO:(50000, 6)
2022-03-18 10:48:27,220:INFO:assign_model() succesfully completed......................................
2022-03-18 10:48:27,228:INFO:SubProcess assign_model() end ==================================
2022-03-18 10:48:27,241:INFO:Fitting Model with num_topics = 4
2022-03-18 10:48:27,242:INFO:SubProcess create_model() called ==================================
2022-03-18 10:48:27,249:INFO:Initializing create_model()
2022-03-18 10:48:27,249:INFO:create_model(model=lda, multi_core=False, num_topics=4, verbose=False, system=True)
2022-03-18 10:48:27,249:INFO:Checking exceptions
2022-03-18 10:48:27,250:INFO:Preloading libraries
2022-03-18 10:48:27,250:INFO:Preparing display monitor
2022-03-18 10:48:27,257:INFO:Defining topic model
2022-03-18 10:48:27,257:INFO:Model: Latent Dirichlet Allocation
2022-03-18 10:48:27,257:INFO:Defining num_topics parameter
2022-03-18 10:48:27,257:INFO:num_topics set to: 4
2022-03-18 10:48:27,258:INFO:LdaModel imported successfully
2022-03-18 10:53:40,278:INFO:LdaModel trained successfully
2022-03-18 10:53:40,280:INFO:LdaModel(num_terms=64367, num_topics=4, decay=0.5, chunksize=100)
2022-03-18 10:53:40,280:INFO:create_model() succesfully completed......................................
2022-03-18 10:53:40,280:INFO:SubProcess create_model() end ==================================
2022-03-18 10:53:40,280:INFO:SubProcess assign_model() called ==================================
2022-03-18 10:53:40,285:INFO:Initializing assign_model()
2022-03-18 10:53:40,285:INFO:assign_model(model=LdaModel(num_terms=64367, num_topics=4, decay=0.5, chunksize=100), verbose=False)
2022-03-18 10:53:40,286:INFO:Determining model type
2022-03-18 10:53:40,286:INFO:model type: lda
2022-03-18 10:53:40,286:INFO:Checking exceptions
2022-03-18 10:53:40,286:INFO:Preloading libraries
2022-03-18 10:53:40,286:INFO:Preparing display monitor
2022-03-18 10:54:15,999:INFO:(50000, 8)
2022-03-18 10:54:15,999:INFO:assign_model() succesfully completed......................................
2022-03-18 10:54:16,014:INFO:SubProcess assign_model() end ==================================
2022-03-18 10:54:16,034:INFO:Fitting Model with num_topics = 8
2022-03-18 10:54:16,037:INFO:SubProcess create_model() called ==================================
2022-03-18 10:54:16,042:INFO:Initializing create_model()
2022-03-18 10:54:16,042:INFO:create_model(model=lda, multi_core=False, num_topics=8, verbose=False, system=True)
2022-03-18 10:54:16,042:INFO:Checking exceptions
2022-03-18 10:54:16,042:INFO:Preloading libraries
2022-03-18 10:54:16,042:INFO:Preparing display monitor
2022-03-18 10:54:16,049:INFO:Defining topic model
2022-03-18 10:54:16,050:INFO:Model: Latent Dirichlet Allocation
2022-03-18 10:54:16,050:INFO:Defining num_topics parameter
2022-03-18 10:54:16,050:INFO:num_topics set to: 8
2022-03-18 10:54:16,052:INFO:LdaModel imported successfully
2022-03-18 10:56:34,187:INFO:Initializing plot_model()
2022-03-18 10:56:34,187:INFO:plot_model(model=LdaModel(num_terms=64367, num_topics=4, decay=0.5, chunksize=100), plot=bigram, topic_num=Topic 0, save=False, system=True)
2022-03-18 10:56:34,187:INFO:Checking exceptions
2022-03-18 10:56:34,187:INFO:Importing libraries
2022-03-18 10:56:34,197:INFO:save_param set to False
2022-03-18 10:56:34,197:INFO:plot type: bigram
2022-03-18 10:56:34,197:INFO:SubProcess assign_model() called ==================================
2022-03-18 10:56:34,198:INFO:Initializing assign_model()
2022-03-18 10:56:34,198:INFO:assign_model(model=LdaModel(num_terms=64367, num_topics=4, decay=0.5, chunksize=100), verbose=False)
2022-03-18 10:56:34,198:INFO:Determining model type
2022-03-18 10:56:34,198:INFO:model type: lda
2022-03-18 10:56:34,198:INFO:Checking exceptions
2022-03-18 10:56:34,198:INFO:Preloading libraries
2022-03-18 10:56:34,198:INFO:Preparing display monitor
2022-03-18 10:56:44,863:WARNING:Invalid topic_num param or empty Vocab. Try changing Topic Number.
2022-03-18 10:56:49,276:INFO:Initializing plot_model()
2022-03-18 10:56:49,276:INFO:plot_model(model=LdaModel(num_terms=64367, num_topics=4, decay=0.5, chunksize=100), plot=bigram, topic_num=Topic 0, save=False, system=True)
2022-03-18 10:56:49,277:INFO:Checking exceptions
2022-03-18 10:56:49,277:INFO:Importing libraries
2022-03-18 10:56:49,284:INFO:save_param set to False
2022-03-18 10:56:49,284:INFO:plot type: bigram
2022-03-18 10:56:49,284:INFO:SubProcess assign_model() called ==================================
2022-03-18 10:56:49,288:INFO:Initializing assign_model()
2022-03-18 10:56:49,288:INFO:assign_model(model=LdaModel(num_terms=64367, num_topics=4, decay=0.5, chunksize=100), verbose=False)
2022-03-18 10:56:49,288:INFO:Determining model type
2022-03-18 10:56:49,288:INFO:model type: lda
2022-03-18 10:56:49,288:INFO:Checking exceptions
2022-03-18 10:56:49,288:INFO:Preloading libraries
2022-03-18 10:56:49,288:INFO:Preparing display monitor
2022-03-18 10:57:40,378:INFO:(50000, 8)
2022-03-18 10:57:40,378:INFO:assign_model() succesfully completed......................................
2022-03-18 10:57:40,394:INFO:SubProcess assign_model() end ==================================
2022-03-18 10:57:40,410:INFO:Fitting CountVectorizer()
2022-03-18 10:57:47,746:INFO:Rendering Visual
2022-03-18 10:57:48,147:INFO:Visual Rendered Successfully
2022-03-18 10:57:48,163:INFO:plot_model() succesfully completed......................................
2022-03-18 11:23:35,712:INFO:Initializing plot_model()
2022-03-18 11:23:35,712:INFO:plot_model(model=LdaModel(num_terms=64367, num_topics=4, decay=0.5, chunksize=100), plot=topic_model, topic_num=None, save=False, system=True)
2022-03-18 11:23:35,720:INFO:Topic selected. topic_num : Topic 0
2022-03-18 11:23:35,720:INFO:Checking exceptions
2022-03-18 11:23:35,720:INFO:Importing libraries
2022-03-18 11:23:35,736:INFO:save_param set to False
2022-03-18 11:23:35,736:INFO:plot type: topic_model
2022-03-18 11:23:35,769:INFO:Preparing pyLDAvis visual
2022-03-18 11:24:11,561:INFO:Visual Rendered Successfully
2022-03-18 11:24:11,562:INFO:plot_model() succesfully completed......................................
2022-03-18 11:48:55,118:INFO:PyCaret NLP Module
2022-03-18 11:48:55,118:INFO:version 2.3.6
2022-03-18 11:48:55,118:INFO:Initializing setup()
2022-03-18 11:48:55,118:INFO:USI: fe30
2022-03-18 11:48:55,119:INFO:setup(data=(50000, 2), target=review, custom_stopwords=['i', 'me', 'my', 'myself', 'we', 'our', 'ours', 'ourselves', 'you', "you're", "you've", "you'll", "you'd", 'your', 'yours', 'yourself', 'yourselves', 'he', 'him', 'his', 'himself', 'she', "she's", 'her', 'hers', 'herself', 'it', "it's", 'its', 'itself', 'they', 'them', 'their', 'theirs', 'themselves', 'what', 'which', 'who', 'whom', 'this', 'that', "that'll", 'these', 'those', 'am', 'is', 'are', 'was', 'were', 'be', 'been', 'being', 'have', 'has', 'had', 'having', 'do', 'does', 'did', 'doing', 'a', 'an', 'the', 'and', 'but', 'if', 'or', 'because', 'as', 'until', 'while', 'of', 'at', 'by', 'for', 'with', 'about', 'against', 'between', 'into', 'through', 'during', 'before', 'after', 'above', 'below', 'to', 'from', 'up', 'down', 'in', 'out', 'on', 'off', 'over', 'under', 'again', 'further', 'then', 'once', 'here', 'there', 'when', 'where', 'why', 'how', 'all', 'any', 'both', 'each', 'few', 'more', 'most', 'other', 'some', 'such', 'no', 'nor', 'not', 'only', 'own', 'same', 'so', 'than', 'too', 'very', 's', 't', 'can', 'will', 'just', 'don', "don't", 'should', "should've", 'now', 'd', 'll', 'm', 'o', 're', 've', 'y', 'ain', 'aren', "aren't", 'couldn', "couldn't", 'didn', "didn't", 'doesn', "doesn't", 'hadn', "hadn't", 'hasn', "hasn't", 'haven', "haven't", 'isn', "isn't", 'ma', 'mightn', "mightn't", 'mustn', "mustn't", 'needn', "needn't", 'shan', "shan't", 'shouldn', "shouldn't", 'wasn', "wasn't", 'weren', "weren't", 'won', "won't", 'wouldn', "wouldn't", 'u', "it'", "'s", "n't", '…', '\\`', '``', 'char', 'chars', "''", '’', 'arent', 'Mr.', ',', 'br', 'film', 'movie', 'say', 'get', 'would', 'could', 'people', 'guy', 'put', 'given', 'go', 'one', 'even', 'also', "'m"], html=True, session_id=21, log_experiment=False,
                    experiment_name=None, log_plots=False, log_data=False, verbose=True)
2022-03-18 11:48:55,119:INFO:Checking environment
2022-03-18 11:48:55,119:INFO:python_version: 3.7.11
2022-03-18 11:48:55,119:INFO:python_build: ('default', 'Jul 27 2021 09:42:29')
2022-03-18 11:48:55,119:INFO:machine: AMD64
2022-03-18 11:48:55,119:INFO:platform: Windows-10-10.0.19041-SP0
2022-03-18 11:48:55,119:INFO:Memory: svmem(total=12797779968, available=3602231296, percent=71.9, used=9195548672, free=3602231296)
2022-03-18 11:48:55,119:INFO:Physical Core: 4
2022-03-18 11:48:55,119:INFO:Logical Core: 8
2022-03-18 11:48:55,119:INFO:Checking libraries
2022-03-18 11:48:55,120:INFO:pd==1.3.5
2022-03-18 11:48:55,120:INFO:numpy==1.20.0
2022-03-18 11:48:55,370:INFO:gensim==3.8.3
2022-03-18 11:48:55,642:INFO:spacy==2.3.7
2022-03-18 11:48:55,642:INFO:nltk==3.6.5
2022-03-18 11:48:55,690:INFO:textblob==0.17.1
2022-03-18 11:48:55,844:INFO:pyLDAvis==3.2.2
2022-03-18 11:48:55,844:INFO:wordcloud==1.8.1
2022-03-18 11:48:56,466:INFO:mlflow==1.24.0
2022-03-18 11:48:56,466:INFO:Checking Exceptions
2022-03-18 11:48:57,391:INFO:Preloading libraries
2022-03-18 11:48:57,391:INFO:Preparing display monitor
2022-03-18 11:48:57,420:INFO:Importing libraries
2022-03-18 11:48:57,420:INFO:Declaring global variables
2022-03-18 11:48:57,422:INFO:Input provided : dataframe
2022-03-18 11:48:57,422:INFO:session_id set to : 21
2022-03-18 11:48:57,422:INFO:Copying training dataset
2022-03-18 11:48:57,424:INFO:Importing stopwords from nltk
2022-03-18 11:48:57,438:INFO:Removing numeric characters from the text
2022-03-18 11:48:59,364:INFO:Removing special characters from the text
2022-03-18 11:49:14,061:INFO:Tokenizing Words
2022-03-18 11:49:47,922:INFO:Removing stopwords
2022-03-18 11:50:25,369:INFO:Extracting Bigrams
2022-03-18 11:51:31,715:INFO:Extracting Trigrams
2022-03-18 11:53:19,604:INFO:Lemmatizing tokens
2022-03-18 11:59:26,943:INFO:Removing stopwords after lemmatizing
2022-03-18 11:59:50,364:INFO:Creating corpus and dictionary
2022-03-18 12:00:01,446:INFO:Compiling processed text
2022-03-18 12:00:01,594:INFO:Compiling information grid
2022-03-18 12:00:01,639:INFO:setup() succesfully completed......................................
2022-03-18 12:00:07,439:INFO:Initializing create_model()
2022-03-18 12:00:07,439:INFO:create_model(model=lda, multi_core=True, num_topics=None, verbose=True, system=True)
2022-03-18 12:00:07,439:INFO:Checking exceptions
2022-03-18 12:00:07,439:INFO:Preloading libraries
2022-03-18 12:00:07,439:INFO:Preparing display monitor
2022-03-18 12:00:07,453:INFO:Defining topic model
2022-03-18 12:00:07,453:INFO:Model: Latent Dirichlet Allocation
2022-03-18 12:00:07,453:INFO:Defining num_topics parameter
2022-03-18 12:00:07,454:INFO:num_topics set to: 4
2022-03-18 12:00:07,458:INFO:LDA multi_core enabled
2022-03-18 12:00:07,459:INFO:LdaMulticore imported successfully
2022-03-18 12:06:19,565:INFO:LdaMulticore trained successfully
2022-03-18 12:06:19,568:INFO:LdaModel(num_terms=64367, num_topics=4, decay=0.5, chunksize=100)
2022-03-18 12:06:19,569:INFO:create_model() succesfully completed......................................
2022-03-18 12:07:50,112:INFO:Initializing assign_model()
2022-03-18 12:07:50,112:INFO:assign_model(model=LdaModel(num_terms=64367, num_topics=4, decay=0.5, chunksize=100), verbose=True)
2022-03-18 12:07:50,112:INFO:Determining model type
2022-03-18 12:07:50,112:INFO:model type: lda
2022-03-18 12:07:50,112:INFO:Checking exceptions
2022-03-18 12:07:50,112:INFO:Preloading libraries
2022-03-18 12:07:50,113:INFO:Preparing display monitor
2022-03-18 12:08:38,275:INFO:(50000, 8)
2022-03-18 12:08:38,275:INFO:assign_model() succesfully completed......................................
2022-03-18 12:16:46,673:INFO:Initializing plot_model()
2022-03-18 12:16:46,673:INFO:plot_model(model=LdaModel(num_terms=64367, num_topics=4, decay=0.5, chunksize=100), plot=topic_model, topic_num=None, save=False, system=True)
2022-03-18 12:16:46,673:INFO:Topic selected. topic_num : Topic 0
2022-03-18 12:16:46,673:INFO:Checking exceptions
2022-03-18 12:16:46,673:INFO:Importing libraries
2022-03-18 12:16:47,182:INFO:save_param set to False
2022-03-18 12:16:47,182:INFO:plot type: topic_model
2022-03-18 12:16:47,208:INFO:Preparing pyLDAvis visual
2022-03-18 12:17:15,656:INFO:Visual Rendered Successfully
2022-03-18 12:17:15,657:INFO:plot_model() succesfully completed......................................
2022-03-18 12:17:34,519:INFO:Initializing plot_model()
2022-03-18 12:17:34,519:INFO:plot_model(model=LdaModel(num_terms=64367, num_topics=4, decay=0.5, chunksize=100), plot=sentiment, topic_num=Topic 0, save=False, system=True)
2022-03-18 12:17:34,519:INFO:Checking exceptions
2022-03-18 12:17:34,519:INFO:Importing libraries
2022-03-18 12:17:34,529:INFO:save_param set to False
2022-03-18 12:17:34,529:INFO:plot type: sentiment
2022-03-18 12:17:34,530:INFO:SubProcess assign_model() called ==================================
2022-03-18 12:17:34,530:INFO:Initializing assign_model()
2022-03-18 12:17:34,530:INFO:assign_model(model=LdaModel(num_terms=64367, num_topics=4, decay=0.5, chunksize=100), verbose=False)
2022-03-18 12:17:34,531:INFO:Determining model type
2022-03-18 12:17:34,531:INFO:model type: lda
2022-03-18 12:17:34,531:INFO:Checking exceptions
2022-03-18 12:17:34,531:INFO:Preloading libraries
2022-03-18 12:17:34,531:INFO:Preparing display monitor
2022-03-18 12:18:22,852:INFO:(50000, 8)
2022-03-18 12:18:22,852:INFO:assign_model() succesfully completed......................................
2022-03-18 12:18:22,866:INFO:SubProcess assign_model() end ==================================
2022-03-18 12:18:34,966:INFO:Rendering Visual
2022-03-18 12:18:36,255:INFO:Visual Rendered Successfully
2022-03-18 12:18:36,255:INFO:plot_model() succesfully completed......................................
2022-03-18 12:18:47,635:INFO:Initializing plot_model()
2022-03-18 12:18:47,635:INFO:plot_model(model=LdaModel(num_terms=64367, num_topics=4, decay=0.5, chunksize=100), plot=wordcloud, topic_num=None, save=False, system=True)
2022-03-18 12:18:47,635:INFO:Topic selected. topic_num : Topic 0
2022-03-18 12:18:47,635:INFO:Checking exceptions
2022-03-18 12:18:47,635:INFO:Importing libraries
2022-03-18 12:18:47,644:INFO:save_param set to False
2022-03-18 12:18:47,645:INFO:plot type: wordcloud
2022-03-18 12:18:47,645:INFO:SubProcess assign_model() called ==================================
2022-03-18 12:18:47,646:INFO:Initializing assign_model()
2022-03-18 12:18:47,646:INFO:assign_model(model=LdaModel(num_terms=64367, num_topics=4, decay=0.5, chunksize=100), verbose=False)
2022-03-18 12:18:47,646:INFO:Determining model type
2022-03-18 12:18:47,647:INFO:model type: lda
2022-03-18 12:18:47,647:INFO:Checking exceptions
2022-03-18 12:18:47,647:INFO:Preloading libraries
2022-03-18 12:18:47,647:INFO:Preparing display monitor
2022-03-18 12:19:34,098:INFO:(50000, 8)
2022-03-18 12:19:34,098:INFO:assign_model() succesfully completed......................................
2022-03-18 12:19:34,113:INFO:SubProcess assign_model() end ==================================
2022-03-18 12:19:34,142:INFO:Fitting WordCloud()
2022-03-18 12:19:48,392:INFO:Rendering Visual
2022-03-18 12:19:48,562:INFO:Visual Rendered Successfully
2022-03-18 12:19:48,562:INFO:plot_model() succesfully completed......................................
2022-03-18 12:21:48,799:INFO:Initializing tune_model()
2022-03-18 12:21:48,799:INFO:tune_model(model=lda, multi_core=False, supervised_target=sentiment, estimator=nb, optimize=Accuracy, custom_grid=None, auto_fe=True, fold=10, verbose=False)
2022-03-18 12:21:48,800:INFO:Checking exceptions
2022-03-18 12:21:48,800:INFO:Preloading libraries
2022-03-18 12:21:48,800:INFO:Preparing display monitor
2022-03-18 12:21:48,815:INFO:Importing libraries
2022-03-18 12:21:48,827:INFO:Objective : Classification
2022-03-18 12:21:48,828:INFO:Defining model name
2022-03-18 12:21:48,828:INFO:Topic Model Name: Latent Dirichlet Allocation
2022-03-18 12:21:48,828:INFO:Defining supervised estimator
2022-03-18 12:21:48,828:INFO:Estimator: nb
2022-03-18 12:21:48,828:INFO:Defining Optimizer
2022-03-18 12:21:48,829:INFO:Optimize: Accuracy
2022-03-18 12:21:48,831:INFO:Problem : Supervised
2022-03-18 12:21:48,831:INFO:auto_fe param set to True
2022-03-18 12:21:48,833:INFO:Extracting Polarity
2022-03-18 12:22:17,407:INFO:Extracting Subjectivity
2022-03-18 12:22:51,671:INFO:Extracting Wordcount
2022-03-18 12:22:51,683:INFO:Defining Tuning Grid
2022-03-18 12:22:51,684:INFO:Pre-defined Grid used
2022-03-18 12:22:51,685:INFO:Fitting Model with num_topics = 2
2022-03-18 12:22:51,686:INFO:SubProcess create_model() called ==================================
2022-03-18 12:22:51,691:INFO:Initializing create_model()
2022-03-18 12:22:51,691:INFO:create_model(model=lda, multi_core=False, num_topics=2, verbose=False, system=True)
2022-03-18 12:22:51,691:INFO:Checking exceptions
2022-03-18 12:22:51,691:INFO:Preloading libraries
2022-03-18 12:22:51,691:INFO:Preparing display monitor
2022-03-18 12:22:51,703:INFO:Defining topic model
2022-03-18 12:22:51,704:INFO:Model: Latent Dirichlet Allocation
2022-03-18 12:22:51,704:INFO:Defining num_topics parameter
2022-03-18 12:22:51,704:INFO:num_topics set to: 2
2022-03-18 12:22:51,705:INFO:LdaModel imported successfully
2022-03-18 12:26:50,632:INFO:LdaModel trained successfully
2022-03-18 12:26:50,635:INFO:LdaModel(num_terms=64367, num_topics=2, decay=0.5, chunksize=100)
2022-03-18 12:26:50,635:INFO:create_model() succesfully completed......................................
2022-03-18 12:26:50,635:INFO:SubProcess create_model() end ==================================
2022-03-18 12:26:50,636:INFO:SubProcess assign_model() called ==================================
2022-03-18 12:26:50,641:INFO:Initializing assign_model()
2022-03-18 12:26:50,641:INFO:assign_model(model=LdaModel(num_terms=64367, num_topics=2, decay=0.5, chunksize=100), verbose=False)
2022-03-18 12:26:50,641:INFO:Determining model type
2022-03-18 12:26:50,641:INFO:model type: lda
2022-03-18 12:26:50,641:INFO:Checking exceptions
2022-03-18 12:26:50,641:INFO:Preloading libraries
2022-03-18 12:26:50,641:INFO:Preparing display monitor
2022-03-18 12:27:26,824:INFO:(50000, 6)
2022-03-18 12:27:26,824:INFO:assign_model() succesfully completed......................................
2022-03-18 12:27:26,834:INFO:SubProcess assign_model() end ==================================
2022-03-18 12:27:26,850:INFO:Fitting Model with num_topics = 4
2022-03-18 12:27:26,851:INFO:SubProcess create_model() called ==================================
2022-03-18 12:27:26,856:INFO:Initializing create_model()
2022-03-18 12:27:26,856:INFO:create_model(model=lda, multi_core=False, num_topics=4, verbose=False, system=True)
2022-03-18 12:27:26,856:INFO:Checking exceptions
2022-03-18 12:27:26,856:INFO:Preloading libraries
2022-03-18 12:27:26,857:INFO:Preparing display monitor
2022-03-18 12:27:26,865:INFO:Defining topic model
2022-03-18 12:27:26,865:INFO:Model: Latent Dirichlet Allocation
2022-03-18 12:27:26,865:INFO:Defining num_topics parameter
2022-03-18 12:27:26,865:INFO:num_topics set to: 4
2022-03-18 12:27:26,866:INFO:LdaModel imported successfully
2022-03-18 12:33:12,167:INFO:LdaModel trained successfully
2022-03-18 12:33:12,168:INFO:LdaModel(num_terms=64367, num_topics=4, decay=0.5, chunksize=100)
2022-03-18 12:33:12,168:INFO:create_model() succesfully completed......................................
2022-03-18 12:33:12,168:INFO:SubProcess create_model() end ==================================
2022-03-18 12:33:12,168:INFO:SubProcess assign_model() called ==================================
2022-03-18 12:33:12,173:INFO:Initializing assign_model()
2022-03-18 12:33:12,173:INFO:assign_model(model=LdaModel(num_terms=64367, num_topics=4, decay=0.5, chunksize=100), verbose=False)
2022-03-18 12:33:12,173:INFO:Determining model type
2022-03-18 12:33:12,173:INFO:model type: lda
2022-03-18 12:33:12,173:INFO:Checking exceptions
2022-03-18 12:33:12,174:INFO:Preloading libraries
2022-03-18 12:33:12,174:INFO:Preparing display monitor
2022-03-18 12:33:47,114:INFO:(50000, 8)
2022-03-18 12:33:47,114:INFO:assign_model() succesfully completed......................................
2022-03-18 12:33:47,125:INFO:SubProcess assign_model() end ==================================
2022-03-18 12:33:47,138:INFO:Fitting Model with num_topics = 8
2022-03-18 12:33:47,139:INFO:SubProcess create_model() called ==================================
2022-03-18 12:33:47,145:INFO:Initializing create_model()
2022-03-18 12:33:47,146:INFO:create_model(model=lda, multi_core=False, num_topics=8, verbose=False, system=True)
2022-03-18 12:33:47,148:INFO:Checking exceptions
2022-03-18 12:33:47,148:INFO:Preloading libraries
2022-03-18 12:33:47,148:INFO:Preparing display monitor
2022-03-18 12:33:47,156:INFO:Defining topic model
2022-03-18 12:33:47,157:INFO:Model: Latent Dirichlet Allocation
2022-03-18 12:33:47,157:INFO:Defining num_topics parameter
2022-03-18 12:33:47,157:INFO:num_topics set to: 8
2022-03-18 12:33:47,165:INFO:LdaModel imported successfully
2022-03-18 12:43:03,450:INFO:LdaModel trained successfully
2022-03-18 12:43:03,451:INFO:LdaModel(num_terms=64367, num_topics=8, decay=0.5, chunksize=100)
2022-03-18 12:43:03,451:INFO:create_model() succesfully completed......................................
2022-03-18 12:43:03,451:INFO:SubProcess create_model() end ==================================
2022-03-18 12:43:03,451:INFO:SubProcess assign_model() called ==================================
2022-03-18 12:43:03,456:INFO:Initializing assign_model()
2022-03-18 12:43:03,456:INFO:assign_model(model=LdaModel(num_terms=64367, num_topics=8, decay=0.5, chunksize=100), verbose=False)
2022-03-18 12:43:03,456:INFO:Determining model type
2022-03-18 12:43:03,456:INFO:model type: lda
2022-03-18 12:43:03,456:INFO:Checking exceptions
2022-03-18 12:43:03,456:INFO:Preloading libraries
2022-03-18 12:43:03,457:INFO:Preparing display monitor
2022-03-18 12:43:35,925:INFO:(50000, 12)
2022-03-18 12:43:35,925:INFO:assign_model() succesfully completed......................................
2022-03-18 12:43:35,943:INFO:SubProcess assign_model() end ==================================
2022-03-18 12:43:35,955:INFO:Fitting Model with num_topics = 16
2022-03-18 12:43:35,956:INFO:SubProcess create_model() called ==================================
2022-03-18 12:43:35,962:INFO:Initializing create_model()
2022-03-18 12:43:35,962:INFO:create_model(model=lda, multi_core=False, num_topics=16, verbose=False, system=True)
2022-03-18 12:43:35,963:INFO:Checking exceptions
2022-03-18 12:43:35,963:INFO:Preloading libraries
2022-03-18 12:43:35,963:INFO:Preparing display monitor
2022-03-18 12:43:35,969:INFO:Defining topic model
2022-03-18 12:43:35,969:INFO:Model: Latent Dirichlet Allocation
2022-03-18 12:43:35,969:INFO:Defining num_topics parameter
2022-03-18 12:43:35,969:INFO:num_topics set to: 16
2022-03-18 12:43:35,970:INFO:LdaModel imported successfully
2022-03-18 12:44:43,563:INFO:Initializing plot_model()
2022-03-18 12:44:43,564:INFO:plot_model(model=LdaModel(num_terms=64367, num_topics=4, decay=0.5, chunksize=100), plot=sentiment, topic_num=Topic 1, save=False, system=True)
2022-03-18 12:44:43,564:INFO:Checking exceptions
2022-03-18 12:44:43,564:INFO:Importing libraries
2022-03-18 12:44:43,577:INFO:save_param set to False
2022-03-18 12:44:43,578:INFO:plot type: sentiment
2022-03-18 12:44:43,578:INFO:SubProcess assign_model() called ==================================
2022-03-18 12:44:43,587:INFO:Initializing assign_model()
2022-03-18 12:44:43,587:INFO:assign_model(model=LdaModel(num_terms=64367, num_topics=4, decay=0.5, chunksize=100), verbose=False)
2022-03-18 12:44:43,587:INFO:Determining model type
2022-03-18 12:44:43,587:INFO:model type: lda
2022-03-18 12:44:43,588:INFO:Checking exceptions
2022-03-18 12:44:43,588:INFO:Preloading libraries
2022-03-18 12:44:43,588:INFO:Preparing display monitor
2022-03-18 12:45:33,010:INFO:(50000, 8)
2022-03-18 12:45:33,010:INFO:assign_model() succesfully completed......................................
2022-03-18 12:45:33,027:INFO:SubProcess assign_model() end ==================================
2022-03-18 12:45:36,544:INFO:Rendering Visual
2022-03-18 12:45:36,649:INFO:Visual Rendered Successfully
2022-03-18 12:45:36,649:INFO:plot_model() succesfully completed......................................
2022-03-18 12:49:27,919:INFO:PyCaret Supervised Module
2022-03-18 12:49:27,919:INFO:ML Usecase: classification
2022-03-18 12:49:27,919:INFO:version 2.3.6
2022-03-18 12:49:27,919:INFO:Initializing setup()
2022-03-18 12:49:27,919:INFO:setup(target=sentiment, ml_usecase=classification, available_plots={'parameter': 'Hyperparameters', 'auc': 'AUC', 'confusion_matrix': 'Confusion Matrix', 'threshold': 'Threshold', 'pr': 'Precision Recall', 'error': 'Prediction Error', 'class_report': 'Class Report', 'rfe': 'Feature Selection', 'learning': 'Learning Curve', 'manifold': 'Manifold Learning', 'calibration': 'Calibration Curve', 'vc': 'Validation Curve', 'dimension': 'Dimensions', 'feature': 'Feature Importance', 'feature_all': 'Feature Importance (All)', 'boundary': 'Decision Boundary', 'lift': 'Lift Chart', 'gain': 'Gain Chart', 'tree': 'Decision Tree', 'ks': 'KS Statistic Plot'}, train_size=0.8, test_data=None, preprocess=True, imputation_type=simple, iterative_imputation_iters=5, categorical_features=None, categorical_imputation=constant, categorical_iterative_imputer=lightgbm, ordinal_features=None, high_cardinality_features=None, high_cardinality_method=frequency, numeric_features=None, numeric_imputation=mean, numeric_iterative_imputer=lightgbm, date_features=None, ignore_features=None, normalize=False, normalize_method=zscore, transformation=False, transformation_method=yeo-johnson, handle_unknown_categorical=True, unknown_categorical_method=least_frequent, pca=False, pca_method=linear, pca_components=None, ignore_low_variance=False, combine_rare_levels=False, rare_level_threshold=0.1, bin_numeric_features=None, remove_outliers=False, outliers_threshold=0.05, remove_multicollinearity=False, multicollinearity_threshold=0.9, remove_perfect_collinearity=True, create_clusters=False, cluster_iter=20, polynomial_features=False, polynomial_degree=2, trigonometry_features=False, polynomial_threshold=0.1, group_features=None, group_names=None, feature_selection=False, feature_selection_threshold=0.8, feature_selection_method=classic, feature_interaction=False, feature_ratio=False, interaction_threshold=0.01, fix_imbalance=False, fix_imbalance_method=None, transform_target=False, transform_target_method=box-cox, data_split_shuffle=True, data_split_stratify=False, fold_strategy=stratifiedkfold, fold=10, fold_shuffle=False, fold_groups=None, n_jobs=-1, use_gpu=False, custom_pipeline=None, html=True, session_id=5, log_experiment=False, experiment_name=None, log_plots=False, log_profile=False, log_data=False, silent=False, verbose=True, profile=False, profile_kwargs=None, display=None)
2022-03-18 12:49:27,920:INFO:Checking environment
2022-03-18 12:49:27,920:INFO:python_version: 3.7.11
2022-03-18 12:49:27,920:INFO:python_build: ('default', 'Jul 27 2021 09:42:29')
2022-03-18 12:49:27,920:INFO:machine: AMD64
2022-03-18 12:49:27,920:INFO:platform: Windows-10-10.0.19041-SP0
2022-03-18 12:49:27,920:INFO:Memory: svmem(total=12797779968, available=3899420672, percent=69.5, used=8898359296, free=3899420672)
2022-03-18 12:49:27,920:INFO:Physical Core: 4
2022-03-18 12:49:27,920:INFO:Logical Core: 8
2022-03-18 12:49:27,920:INFO:Checking libraries
2022-03-18 12:49:27,920:INFO:pd==1.3.5
2022-03-18 12:49:27,920:INFO:numpy==1.20.0
2022-03-18 12:49:27,920:INFO:sklearn==0.23.2
2022-03-18 12:49:27,920:INFO:lightgbm==3.3.2
2022-03-18 12:49:27,921:WARNING:catboost not found
2022-03-18 12:49:27,922:WARNING:xgboost not found
2022-03-18 12:49:27,922:INFO:mlflow==1.24.0
2022-03-18 12:49:27,922:INFO:Checking Exceptions
2022-03-18 12:49:27,922:INFO:Declaring global variables
2022-03-18 12:49:27,922:INFO:USI: a69e
2022-03-18 12:49:27,922:INFO:pycaret_globals: {'iterative_imputation_iters_param', 'seed', 'fold_groups_param_full', 'X', 'prep_pipe', 'display_container', '_all_models', 'imputation_classifier', 'target_param', 'y', 'gpu_param', '_internal_pipeline', '_ml_usecase', 'fold_shuffle_param', 'exp_name_log', '_available_plots', 'create_model_container', 'transform_target_param', 'y_train', 'pycaret_globals', 'y_test', '_all_metrics', 'fold_param', 'data_before_preprocess', 'html_param', 'fix_imbalance_param', 'X_train', '_gpu_n_jobs_param', 'master_model_container', 'fold_generator', '_all_models_internal', 'transform_target_method_param', 'experiment__', 'imputation_regressor', 'fold_groups_param', 'X_test', 'logging_param', 'log_plots_param', 'USI', 'fix_imbalance_method_param', 'stratify_param', 'n_jobs_param'}
2022-03-18 12:49:27,922:INFO:Preparing display monitor
2022-03-18 12:49:27,922:INFO:Preparing display monitor
2022-03-18 12:49:27,935:INFO:Importing libraries
2022-03-18 12:49:27,935:INFO:Copying data for preprocessing
2022-03-18 12:49:27,946:INFO:Declaring preprocessing parameters
2022-03-18 12:49:27,948:INFO:Creating preprocessing pipeline
2022-03-18 12:49:27,977:INFO:Preprocessing pipeline created successfully
2022-03-18 12:49:27,978:ERROR:(Process Exit): setup has been interupted with user command 'quit'. setup must rerun.
2022-03-18 12:49:27,978:INFO:Creating global containers
2022-03-18 12:49:27,983:INFO:Internal pipeline: Pipeline(memory=None, steps=[('empty_step', 'passthrough')], verbose=False)
2022-03-18 12:49:42,704:WARNING:Couldn't import xgboost.XGBClassifier
2022-03-18 12:49:42,705:WARNING:Couldn't import catboost.CatBoostClassifier
2022-03-18 12:49:42,811:WARNING:Couldn't import xgboost.XGBClassifier
2022-03-18 12:49:42,814:WARNING:Couldn't import catboost.CatBoostClassifier
2022-03-18 12:49:42,815:INFO:Creating grid variables
2022-03-18 12:49:42,831:INFO:create_model_container: 0
2022-03-18 12:49:42,832:INFO:master_model_container: 0
2022-03-18 12:49:42,832:INFO:display_container: 1
2022-03-18 12:49:42,838:INFO:Pipeline(memory=None,
         steps=[('dtypes',
                 DataTypes_Auto_infer(categorical_features=[],
                                      display_types=True, features_todrop=[],
                                      id_columns=[],
                                      ml_usecase='classification',
                                      numerical_features=[], target='sentiment',
                                      time_features=[])),
                ('imputer',
                 Simple_Imputer(categorical_strategy='not_available',
                                fill_value_categorical=None,
                                fill_value_numerical=None,
                                numeric_st...
                ('scaling', 'passthrough'), ('P_transform', 'passthrough'),
                ('binn', 'passthrough'), ('rem_outliers', 'passthrough'),
                ('cluster_all', 'passthrough'),
                ('dummy', Dummify(target='sentiment')),
                ('fix_perfect', Remove_100(target='sentiment')),
                ('clean_names', Clean_Colum_Names()),
                ('feature_select', 'passthrough'), ('fix_multi', 'passthrough'),
                ('dfs', 'passthrough'), ('pca', 'passthrough')],
         verbose=False)
2022-03-18 12:49:42,839:INFO:setup() succesfully completed......................................
